2023/02/07 14:46:42 [notice] 1#1: using the "epoll" event method
2023/02/07 14:46:42 [notice] 1#1: nginx/1.23.3
2023/02/07 14:46:42 [notice] 1#1: built by gcc 10.2.1 20210110 (Debian 10.2.1-6) 
2023/02/07 14:46:42 [notice] 1#1: OS: Linux 5.15.0-58-generic
2023/02/07 14:46:42 [notice] 1#1: getrlimit(RLIMIT_NOFILE): 1048576:1048576
2023/02/07 14:46:42 [notice] 1#1: start worker processes
2023/02/07 14:46:42 [notice] 1#1: start worker process 29
2023/02/07 14:46:42 [notice] 1#1: start worker process 30
2023/02/07 14:46:42 [notice] 1#1: start worker process 31
2023/02/07 14:46:42 [notice] 1#1: start worker process 32
2023/02/07 14:46:42 [notice] 1#1: start worker process 33
2023/02/07 14:46:42 [notice] 1#1: start worker process 34
2023/02/07 14:46:42 [notice] 1#1: start worker process 35
2023/02/07 14:46:42 [notice] 1#1: start worker process 36
2023/02/07 14:46:42 [notice] 1#1: start worker process 37
2023/02/07 14:46:42 [notice] 1#1: start worker process 38
2023/02/07 14:46:42 [notice] 1#1: start worker process 39
2023/02/07 14:46:42 [notice] 1#1: start worker process 40
2023/02/07 14:46:42 [notice] 1#1: start worker process 41
2023/02/07 14:46:42 [notice] 1#1: start worker process 42
2023/02/07 14:46:42 [notice] 1#1: start worker process 43
2023/02/07 14:46:42 [notice] 1#1: start worker process 44
2023/02/07 14:47:45 [notice] 1#1: using the "epoll" event method
2023/02/07 14:47:45 [notice] 1#1: nginx/1.23.3
2023/02/07 14:47:45 [notice] 1#1: built by gcc 10.2.1 20210110 (Debian 10.2.1-6) 
2023/02/07 14:47:45 [notice] 1#1: OS: Linux 5.15.0-58-generic
2023/02/07 14:47:45 [notice] 1#1: getrlimit(RLIMIT_NOFILE): 1048576:1048576
2023/02/07 14:47:45 [notice] 1#1: start worker processes
2023/02/07 14:47:45 [notice] 1#1: start worker process 28
2023/02/07 14:47:45 [notice] 1#1: start worker process 29
2023/02/07 14:47:45 [notice] 1#1: start worker process 30
2023/02/07 14:47:45 [notice] 1#1: start worker process 31
2023/02/07 14:47:45 [notice] 1#1: start worker process 32
2023/02/07 14:47:45 [notice] 1#1: start worker process 33
2023/02/07 14:47:45 [notice] 1#1: start worker process 34
2023/02/07 14:47:45 [notice] 1#1: start worker process 35
2023/02/07 14:47:45 [notice] 1#1: start worker process 36
2023/02/07 14:47:45 [notice] 1#1: start worker process 37
2023/02/07 14:47:45 [notice] 1#1: start worker process 38
2023/02/07 14:47:45 [notice] 1#1: start worker process 39
2023/02/07 14:47:45 [notice] 1#1: start worker process 40
2023/02/07 14:47:45 [notice] 1#1: start worker process 41
2023/02/07 14:47:45 [notice] 1#1: start worker process 42
2023/02/07 14:47:45 [notice] 1#1: start worker process 43
2023/02/07 14:47:48 [error] 28#28: *2 "/var/www/html/index.php" is forbidden (13: Permission denied), client: 172.21.0.1, server: , request: "GET / HTTP/1.1", host: "localhost"
2023/02/07 14:47:50 [error] 28#28: *2 "/var/www/html/index.php" is forbidden (13: Permission denied), client: 172.21.0.1, server: , request: "GET / HTTP/1.1", host: "localhost"
2023/02/07 14:47:50 [error] 28#28: *2 "/var/www/html/index.php" is forbidden (13: Permission denied), client: 172.21.0.1, server: , request: "GET / HTTP/1.1", host: "localhost"
2023/02/07 14:47:55 [error] 28#28: *2 "/var/www/html/index.php" is forbidden (13: Permission denied), client: 172.21.0.1, server: , request: "GET / HTTP/1.1", host: "localhost"
2023/02/07 14:48:50 [error] 28#28: *2 "/var/www/html/index.php" is forbidden (13: Permission denied), client: 172.21.0.1, server: , request: "GET / HTTP/1.1", host: "localhost"
2023/02/07 14:58:47 [emerg] 1#1: host not found in upstream "phpfpm" in /etc/nginx/conf.d/default.conf:9
2023/02/07 14:59:36 [notice] 1#1: using the "epoll" event method
2023/02/07 14:59:36 [notice] 1#1: nginx/1.23.3
2023/02/07 14:59:36 [notice] 1#1: built by gcc 10.2.1 20210110 (Debian 10.2.1-6) 
2023/02/07 14:59:36 [notice] 1#1: OS: Linux 5.15.0-58-generic
2023/02/07 14:59:36 [notice] 1#1: getrlimit(RLIMIT_NOFILE): 1048576:1048576
2023/02/07 14:59:36 [notice] 1#1: start worker processes
2023/02/07 14:59:36 [notice] 1#1: start worker process 28
2023/02/07 14:59:36 [notice] 1#1: start worker process 29
2023/02/07 14:59:36 [notice] 1#1: start worker process 30
2023/02/07 14:59:36 [notice] 1#1: start worker process 31
2023/02/07 14:59:36 [notice] 1#1: start worker process 32
2023/02/07 14:59:36 [notice] 1#1: start worker process 33
2023/02/07 14:59:36 [notice] 1#1: start worker process 34
2023/02/07 14:59:36 [notice] 1#1: start worker process 35
2023/02/07 14:59:36 [notice] 1#1: start worker process 36
2023/02/07 14:59:36 [notice] 1#1: start worker process 37
2023/02/07 14:59:36 [notice] 1#1: start worker process 38
2023/02/07 14:59:36 [notice] 1#1: start worker process 39
2023/02/07 14:59:36 [notice] 1#1: start worker process 40
2023/02/07 14:59:36 [notice] 1#1: start worker process 41
2023/02/07 14:59:36 [notice] 1#1: start worker process 42
2023/02/07 14:59:36 [notice] 1#1: start worker process 43
2023/02/07 15:05:56 [notice] 1#1: using the "epoll" event method
2023/02/07 15:05:56 [notice] 1#1: nginx/1.23.3
2023/02/07 15:05:56 [notice] 1#1: built by gcc 10.2.1 20210110 (Debian 10.2.1-6) 
2023/02/07 15:05:56 [notice] 1#1: OS: Linux 5.15.0-58-generic
2023/02/07 15:05:56 [notice] 1#1: getrlimit(RLIMIT_NOFILE): 1048576:1048576
2023/02/07 15:05:56 [notice] 1#1: start worker processes
2023/02/07 15:05:56 [notice] 1#1: start worker process 28
2023/02/07 15:05:56 [notice] 1#1: start worker process 29
2023/02/07 15:05:56 [notice] 1#1: start worker process 30
2023/02/07 15:05:56 [notice] 1#1: start worker process 31
2023/02/07 15:05:56 [notice] 1#1: start worker process 32
2023/02/07 15:05:56 [notice] 1#1: start worker process 33
2023/02/07 15:05:56 [notice] 1#1: start worker process 34
2023/02/07 15:05:56 [notice] 1#1: start worker process 35
2023/02/07 15:05:56 [notice] 1#1: start worker process 36
2023/02/07 15:05:56 [notice] 1#1: start worker process 37
2023/02/07 15:05:56 [notice] 1#1: start worker process 38
2023/02/07 15:05:56 [notice] 1#1: start worker process 39
2023/02/07 15:05:56 [notice] 1#1: start worker process 40
2023/02/07 15:05:56 [notice] 1#1: start worker process 41
2023/02/07 15:05:56 [notice] 1#1: start worker process 42
2023/02/07 15:05:56 [notice] 1#1: start worker process 43
